{"C:\\Users\\John Paul L. Gabule\\Desktop\\web-development\\dashboard-api\\src\\app.ts": {"path":"C:\\Users\\John Paul L. Gabule\\Desktop\\web-development\\dashboard-api\\src\\app.ts","statementMap":{"0":{"start":{"line":5,"column":0},"end":{"line":5,"column":35}},"1":{"start":{"line":6,"column":0},"end":{"line":6,"column":39}},"2":{"start":{"line":9,"column":0},"end":{"line":9,"column":43}},"3":{"start":{"line":11,"column":0},"end":{"line":11,"column":58}},"4":{"start":{"line":12,"column":0},"end":{"line":12,"column":32}},"5":{"start":{"line":13,"column":0},"end":{"line":13,"column":26}},"6":{"start":{"line":14,"column":0},"end":{"line":14,"column":58}},"7":{"start":{"line":15,"column":0},"end":{"line":15,"column":58}},"8":{"start":{"line":18,"column":7},"end":{"line":63,"column":null}},"9":{"start":{"line":24,"column":33},"end":{"line":24,"column":48}},"10":{"start":{"line":25,"column":40},"end":{"line":25,"column":56}},"11":{"start":{"line":26,"column":41},"end":{"line":26,"column":74}},"12":{"start":{"line":27,"column":39},"end":{"line":27,"column":68}},"13":{"start":{"line":28,"column":39},"end":{"line":28,"column":54}},"14":{"start":{"line":30,"column":2},"end":{"line":30,"column":23}},"15":{"start":{"line":31,"column":2},"end":{"line":31,"column":19}},"16":{"start":{"line":35,"column":2},"end":{"line":35,"column":55}},"17":{"start":{"line":36,"column":2},"end":{"line":36,"column":31}},"18":{"start":{"line":37,"column":25},"end":{"line":37,"column":77}},"19":{"start":{"line":38,"column":2},"end":{"line":38,"column":60}},"20":{"start":{"line":42,"column":2},"end":{"line":42,"column":53}},"21":{"start":{"line":46,"column":2},"end":{"line":46,"column":70}},"22":{"start":{"line":50,"column":2},"end":{"line":50,"column":23}},"23":{"start":{"line":51,"column":2},"end":{"line":51,"column":19}},"24":{"start":{"line":52,"column":2},"end":{"line":52,"column":29}},"25":{"start":{"line":54,"column":2},"end":{"line":54,"column":37}},"26":{"start":{"line":56,"column":2},"end":{"line":56,"column":43}},"27":{"start":{"line":57,"column":2},"end":{"line":57,"column":75}},"28":{"start":{"line":61,"column":2},"end":{"line":61,"column":22}},"29":{"start":{"line":18,"column":13},"end":{"line":63,"column":null}},"30":{"start":{"line":18,"column":13},"end":{"line":18,"column":16}}},"fnMap":{"0":{"name":"(anonymous_12)","decl":{"start":{"line":23,"column":1},"end":{"line":23,"column":null}},"loc":{"start":{"line":28,"column":67},"end":{"line":32,"column":2}}},"1":{"name":"(anonymous_13)","decl":{"start":{"line":34,"column":1},"end":{"line":34,"column":14}},"loc":{"start":{"line":34,"column":14},"end":{"line":39,"column":2}}},"2":{"name":"(anonymous_14)","decl":{"start":{"line":41,"column":1},"end":{"line":41,"column":10}},"loc":{"start":{"line":41,"column":10},"end":{"line":43,"column":2}}},"3":{"name":"(anonymous_15)","decl":{"start":{"line":45,"column":1},"end":{"line":45,"column":20}},"loc":{"start":{"line":45,"column":20},"end":{"line":47,"column":2}}},"4":{"name":"(anonymous_16)","decl":{"start":{"line":49,"column":14},"end":{"line":49,"column":18}},"loc":{"start":{"line":49,"column":18},"end":{"line":58,"column":null}}},"5":{"name":"(anonymous_18)","decl":{"start":{"line":60,"column":8},"end":{"line":60,"column":13}},"loc":{"start":{"line":60,"column":13},"end":{"line":62,"column":2}}}},"branchMap":{},"s":{"0":1,"1":1,"2":1,"3":1,"4":1,"5":1,"6":1,"7":1,"8":1,"9":1,"10":1,"11":1,"12":1,"13":1,"14":1,"15":1,"16":1,"17":1,"18":1,"19":1,"20":1,"21":1,"22":1,"23":1,"24":1,"25":1,"26":1,"27":1,"28":1,"29":1,"30":1},"f":{"0":1,"1":1,"2":1,"3":1,"4":1,"5":1},"b":{}}
,"C:\\Users\\John Paul L. Gabule\\Desktop\\web-development\\dashboard-api\\src\\main.ts": {"path":"C:\\Users\\John Paul L. Gabule\\Desktop\\web-development\\dashboard-api\\src\\main.ts","statementMap":{"0":{"start":{"line":4,"column":0},"end":{"line":4,"column":67}},"1":{"start":{"line":5,"column":0},"end":{"line":5,"column":60}},"2":{"start":{"line":6,"column":0},"end":{"line":6,"column":28}},"3":{"start":{"line":7,"column":0},"end":{"line":7,"column":56}},"4":{"start":{"line":8,"column":0},"end":{"line":8,"column":58}},"5":{"start":{"line":9,"column":0},"end":{"line":9,"column":32}},"6":{"start":{"line":11,"column":0},"end":{"line":11,"column":52}},"7":{"start":{"line":13,"column":0},"end":{"line":13,"column":56}},"8":{"start":{"line":14,"column":0},"end":{"line":14,"column":58}},"9":{"start":{"line":16,"column":0},"end":{"line":16,"column":58}},"10":{"start":{"line":23,"column":13},"end":{"line":32,"column":3}},"11":{"start":{"line":24,"column":1},"end":{"line":24,"column":67}},"12":{"start":{"line":25,"column":1},"end":{"line":25,"column":67}},"13":{"start":{"line":26,"column":1},"end":{"line":26,"column":64}},"14":{"start":{"line":27,"column":1},"end":{"line":27,"column":55}},"15":{"start":{"line":28,"column":1},"end":{"line":28,"column":79}},"16":{"start":{"line":29,"column":1},"end":{"line":29,"column":80}},"17":{"start":{"line":30,"column":1},"end":{"line":30,"column":86}},"18":{"start":{"line":31,"column":1},"end":{"line":31,"column":38}},"19":{"start":{"line":35,"column":22},"end":{"line":35,"column":37}},"20":{"start":{"line":36,"column":1},"end":{"line":36,"column":32}},"21":{"start":{"line":37,"column":13},"end":{"line":37,"column":53}},"22":{"start":{"line":38,"column":1},"end":{"line":38,"column":18}},"23":{"start":{"line":40,"column":1},"end":{"line":40,"column":30}},"24":{"start":{"line":43,"column":13},"end":{"line":43,"column":32}}},"fnMap":{"0":{"name":"(anonymous_7)","decl":{"start":{"line":23,"column":47},"end":{"line":23,"column":48}},"loc":{"start":{"line":23,"column":73},"end":{"line":32,"column":1}}},"1":{"name":"bootstrap","decl":{"start":{"line":34,"column":15},"end":{"line":34,"column":24}},"loc":{"start":{"line":34,"column":24},"end":{"line":41,"column":null}}}},"branchMap":{},"s":{"0":1,"1":1,"2":1,"3":1,"4":1,"5":1,"6":1,"7":1,"8":1,"9":1,"10":1,"11":1,"12":1,"13":1,"14":1,"15":1,"16":1,"17":1,"18":1,"19":1,"20":1,"21":1,"22":1,"23":1,"24":1},"f":{"0":1,"1":1},"b":{}}
,"C:\\Users\\John Paul L. Gabule\\Desktop\\web-development\\dashboard-api\\src\\types.ts": {"path":"C:\\Users\\John Paul L. Gabule\\Desktop\\web-development\\dashboard-api\\src\\types.ts","statementMap":{"0":{"start":{"line":1,"column":13},"end":{"line":10,"column":2}}},"fnMap":{},"branchMap":{},"s":{"0":1},"f":{},"b":{}}
,"C:\\Users\\John Paul L. Gabule\\Desktop\\web-development\\dashboard-api\\src\\common\\auth.guard.ts": {"path":"C:\\Users\\John Paul L. Gabule\\Desktop\\web-development\\dashboard-api\\src\\common\\auth.guard.ts","statementMap":{"0":{"start":{"line":6,"column":2},"end":{"line":8,"column":null}},"1":{"start":{"line":7,"column":3},"end":{"line":7,"column":17}},"2":{"start":{"line":9,"column":2},"end":{"line":9,"column":60}},"3":{"start":{"line":4,"column":0},"end":{"line":4,"column":13}}},"fnMap":{"0":{"name":"(anonymous_0)","decl":{"start":{"line":5,"column":1},"end":{"line":5,"column":8}},"loc":{"start":{"line":5,"column":56},"end":{"line":10,"column":2}}}},"branchMap":{"0":{"loc":{"start":{"line":6,"column":2},"end":{"line":8,"column":null}},"type":"if","locations":[{"start":{"line":6,"column":2},"end":{"line":8,"column":null}}]}},"s":{"0":1,"1":0,"2":1,"3":1},"f":{"0":1},"b":{"0":[0]}}
,"C:\\Users\\John Paul L. Gabule\\Desktop\\web-development\\dashboard-api\\src\\common\\auth.middleware.ts": {"path":"C:\\Users\\John Paul L. Gabule\\Desktop\\web-development\\dashboard-api\\src\\common\\auth.middleware.ts","statementMap":{"0":{"start":{"line":2,"column":0},"end":{"line":2,"column":38}},"1":{"start":{"line":5,"column":21},"end":{"line":5,"column":35}},"2":{"start":{"line":8,"column":2},"end":{"line":19,"column":null}},"3":{"start":{"line":9,"column":3},"end":{"line":16,"column":6}},"4":{"start":{"line":10,"column":4},"end":{"line":15,"column":null}},"5":{"start":{"line":11,"column":5},"end":{"line":11,"column":12}},"6":{"start":{"line":12,"column":11},"end":{"line":15,"column":null}},"7":{"start":{"line":13,"column":5},"end":{"line":13,"column":30}},"8":{"start":{"line":14,"column":5},"end":{"line":14,"column":12}},"9":{"start":{"line":18,"column":3},"end":{"line":18,"column":10}},"10":{"start":{"line":4,"column":0},"end":{"line":4,"column":13}}},"fnMap":{"0":{"name":"(anonymous_0)","decl":{"start":{"line":5,"column":1},"end":{"line":5,"column":21}},"loc":{"start":{"line":5,"column":35},"end":{"line":5,"column":39}}},"1":{"name":"(anonymous_1)","decl":{"start":{"line":7,"column":1},"end":{"line":7,"column":8}},"loc":{"start":{"line":7,"column":56},"end":{"line":20,"column":2}}},"2":{"name":"(anonymous_2)","decl":{"start":{"line":9,"column":64},"end":{"line":9,"column":65}},"loc":{"start":{"line":9,"column":86},"end":{"line":16,"column":4}}}},"branchMap":{"0":{"loc":{"start":{"line":8,"column":2},"end":{"line":19,"column":null}},"type":"if","locations":[{"start":{"line":8,"column":2},"end":{"line":19,"column":null}},{"start":{"line":17,"column":9},"end":{"line":19,"column":null}}]},"1":{"loc":{"start":{"line":10,"column":4},"end":{"line":15,"column":null}},"type":"if","locations":[{"start":{"line":10,"column":4},"end":{"line":15,"column":null}},{"start":{"line":12,"column":11},"end":{"line":15,"column":null}}]},"2":{"loc":{"start":{"line":12,"column":11},"end":{"line":15,"column":null}},"type":"if","locations":[{"start":{"line":12,"column":11},"end":{"line":15,"column":null}}]}},"s":{"0":1,"1":1,"2":6,"3":1,"4":1,"5":1,"6":0,"7":0,"8":0,"9":5,"10":1},"f":{"0":1,"1":6,"2":1},"b":{"0":[1,5],"1":[1,0],"2":[0]}}
,"C:\\Users\\John Paul L. Gabule\\Desktop\\web-development\\dashboard-api\\src\\common\\base.controller.ts": {"path":"C:\\Users\\John Paul L. Gabule\\Desktop\\web-development\\dashboard-api\\src\\common\\base.controller.ts","statementMap":{"0":{"start":{"line":1,"column":0},"end":{"line":1,"column":39}},"1":{"start":{"line":3,"column":0},"end":{"line":3,"column":43}},"2":{"start":{"line":5,"column":0},"end":{"line":5,"column":26}},"3":{"start":{"line":8,"column":7},"end":{"line":41,"column":null}},"4":{"start":{"line":11,"column":21},"end":{"line":11,"column":36}},"5":{"start":{"line":12,"column":2},"end":{"line":12,"column":26}},"6":{"start":{"line":16,"column":2},"end":{"line":16,"column":22}},"7":{"start":{"line":20,"column":2},"end":{"line":20,"column":31}},"8":{"start":{"line":21,"column":2},"end":{"line":21,"column":40}},"9":{"start":{"line":25,"column":2},"end":{"line":25,"column":41}},"10":{"start":{"line":29,"column":2},"end":{"line":29,"column":29}},"11":{"start":{"line":33,"column":2},"end":{"line":39,"column":null}},"12":{"start":{"line":35,"column":22},"end":{"line":35,"column":69}},"13":{"start":{"line":35,"column":51},"end":{"line":35,"column":68}},"14":{"start":{"line":36,"column":19},"end":{"line":36,"column":40}},"15":{"start":{"line":37,"column":20},"end":{"line":37,"column":67}},"16":{"start":{"line":38,"column":3},"end":{"line":38,"column":51}},"17":{"start":{"line":8,"column":22},"end":{"line":41,"column":null}},"18":{"start":{"line":8,"column":22},"end":{"line":8,"column":36}}},"fnMap":{"0":{"name":"(anonymous_2)","decl":{"start":{"line":11,"column":1},"end":{"line":11,"column":21}},"loc":{"start":{"line":11,"column":36},"end":{"line":13,"column":2}}},"1":{"name":"(anonymous_3)","decl":{"start":{"line":15,"column":1},"end":{"line":15,"column":5}},"loc":{"start":{"line":15,"column":11},"end":{"line":17,"column":2}}},"2":{"name":"(anonymous_4)","decl":{"start":{"line":19,"column":8},"end":{"line":19,"column":12}},"loc":{"start":{"line":19,"column":53},"end":{"line":22,"column":2}}},"3":{"name":"(anonymous_5)","decl":{"start":{"line":24,"column":8},"end":{"line":24,"column":10}},"loc":{"start":{"line":24,"column":39},"end":{"line":26,"column":2}}},"4":{"name":"(anonymous_6)","decl":{"start":{"line":28,"column":8},"end":{"line":28,"column":15}},"loc":{"start":{"line":28,"column":29},"end":{"line":30,"column":2}}},"5":{"name":"(anonymous_7)","decl":{"start":{"line":32,"column":11},"end":{"line":32,"column":21}},"loc":{"start":{"line":32,"column":48},"end":{"line":40,"column":2}}},"6":{"name":"(anonymous_8)","decl":{"start":{"line":35,"column":44},"end":{"line":35,"column":45}},"loc":{"start":{"line":35,"column":51},"end":{"line":35,"column":68}}}},"branchMap":{"0":{"loc":{"start":{"line":19,"column":31},"end":{"line":19,"column":41}},"type":"default-arg","locations":[{"start":{"line":19,"column":38},"end":{"line":19,"column":41}}]},"1":{"loc":{"start":{"line":35,"column":22},"end":{"line":35,"column":69}},"type":"cond-expr","locations":[{"start":{"line":35,"column":38},"end":{"line":35,"column":40}},{"start":{"line":35,"column":38},"end":{"line":35,"column":69}}]},"2":{"loc":{"start":{"line":35,"column":22},"end":{"line":35,"column":40}},"type":"binary-expr","locations":[{"start":{"line":35,"column":22},"end":{"line":35,"column":40}},{"start":{"line":35,"column":38},"end":{"line":35,"column":40}}]},"3":{"loc":{"start":{"line":37,"column":20},"end":{"line":37,"column":67}},"type":"cond-expr","locations":[{"start":{"line":37,"column":33},"end":{"line":37,"column":57}},{"start":{"line":37,"column":60},"end":{"line":37,"column":67}}]}},"s":{"0":1,"1":1,"2":1,"3":1,"4":1,"5":1,"6":7,"7":2,"8":2,"9":2,"10":0,"11":1,"12":6,"13":3,"14":6,"15":6,"16":6,"17":1,"18":1},"f":{"0":1,"1":7,"2":2,"3":2,"4":0,"5":1,"6":3},"b":{"0":[0],"1":[3,3],"2":[6,6],"3":[3,3]}}
,"C:\\Users\\John Paul L. Gabule\\Desktop\\web-development\\dashboard-api\\src\\common\\validate.middleware.ts": {"path":"C:\\Users\\John Paul L. Gabule\\Desktop\\web-development\\dashboard-api\\src\\common\\validate.middleware.ts","statementMap":{"0":{"start":{"line":1,"column":0},"end":{"line":1,"column":67}},"1":{"start":{"line":2,"column":0},"end":{"line":2,"column":43}},"2":{"start":{"line":7,"column":21},"end":{"line":7,"column":62}},"3":{"start":{"line":10,"column":19},"end":{"line":10,"column":59}},"4":{"start":{"line":11,"column":2},"end":{"line":17,"column":5}},"5":{"start":{"line":12,"column":3},"end":{"line":16,"column":null}},"6":{"start":{"line":13,"column":4},"end":{"line":13,"column":33}},"7":{"start":{"line":15,"column":4},"end":{"line":15,"column":11}},"8":{"start":{"line":6,"column":0},"end":{"line":6,"column":13}}},"fnMap":{"0":{"name":"(anonymous_0)","decl":{"start":{"line":7,"column":1},"end":{"line":7,"column":21}},"loc":{"start":{"line":7,"column":62},"end":{"line":7,"column":66}}},"1":{"name":"(anonymous_1)","decl":{"start":{"line":9,"column":1},"end":{"line":9,"column":8}},"loc":{"start":{"line":9,"column":61},"end":{"line":18,"column":2}}},"2":{"name":"(anonymous_2)","decl":{"start":{"line":11,"column":26},"end":{"line":11,"column":27}},"loc":{"start":{"line":11,"column":37},"end":{"line":17,"column":3}}}},"branchMap":{"0":{"loc":{"start":{"line":12,"column":3},"end":{"line":16,"column":null}},"type":"if","locations":[{"start":{"line":12,"column":3},"end":{"line":16,"column":null}},{"start":{"line":14,"column":10},"end":{"line":16,"column":null}}]}},"s":{"0":1,"1":1,"2":2,"3":5,"4":5,"5":5,"6":1,"7":4,"8":1},"f":{"0":2,"1":5,"2":5},"b":{"0":[1,4]}}
,"C:\\Users\\John Paul L. Gabule\\Desktop\\web-development\\dashboard-api\\src\\config\\config.service.ts": {"path":"C:\\Users\\John Paul L. Gabule\\Desktop\\web-development\\dashboard-api\\src\\config\\config.service.ts","statementMap":{"0":{"start":{"line":2,"column":0},"end":{"line":2,"column":47}},"1":{"start":{"line":4,"column":0},"end":{"line":4,"column":71}},"2":{"start":{"line":5,"column":0},"end":{"line":5,"column":33}},"3":{"start":{"line":8,"column":7},"end":{"line":24,"column":null}},"4":{"start":{"line":11,"column":44},"end":{"line":11,"column":59}},"5":{"start":{"line":12,"column":37},"end":{"line":12,"column":45}},"6":{"start":{"line":13,"column":2},"end":{"line":18,"column":null}},"7":{"start":{"line":14,"column":3},"end":{"line":14,"column":80}},"8":{"start":{"line":16,"column":3},"end":{"line":16,"column":64}},"9":{"start":{"line":17,"column":3},"end":{"line":17,"column":52}},"10":{"start":{"line":22,"column":2},"end":{"line":22,"column":26}},"11":{"start":{"line":8,"column":13},"end":{"line":24,"column":null}},"12":{"start":{"line":8,"column":13},"end":{"line":8,"column":26}}},"fnMap":{"0":{"name":"(anonymous_4)","decl":{"start":{"line":11,"column":1},"end":{"line":11,"column":14}},"loc":{"start":{"line":11,"column":59},"end":{"line":19,"column":2}}},"1":{"name":"(anonymous_5)","decl":{"start":{"line":21,"column":1},"end":{"line":21,"column":4}},"loc":{"start":{"line":21,"column":16},"end":{"line":23,"column":2}}}},"branchMap":{"0":{"loc":{"start":{"line":13,"column":2},"end":{"line":18,"column":null}},"type":"if","locations":[{"start":{"line":13,"column":2},"end":{"line":18,"column":null}},{"start":{"line":15,"column":9},"end":{"line":18,"column":null}}]}},"s":{"0":1,"1":1,"2":1,"3":1,"4":1,"5":1,"6":1,"7":0,"8":1,"9":1,"10":4,"11":1,"12":1},"f":{"0":1,"1":4},"b":{"0":[0,1]}}
,"C:\\Users\\John Paul L. Gabule\\Desktop\\web-development\\dashboard-api\\src\\database\\prisma.service.ts": {"path":"C:\\Users\\John Paul L. Gabule\\Desktop\\web-development\\dashboard-api\\src\\database\\prisma.service.ts","statementMap":{"0":{"start":{"line":2,"column":0},"end":{"line":2,"column":47}},"1":{"start":{"line":3,"column":0},"end":{"line":3,"column":57}},"2":{"start":{"line":4,"column":0},"end":{"line":4,"column":33}},"3":{"start":{"line":7,"column":7},"end":{"line":28,"column":null}},"4":{"start":{"line":10,"column":44},"end":{"line":10,"column":59}},"5":{"start":{"line":11,"column":2},"end":{"line":11,"column":35}},"6":{"start":{"line":15,"column":2},"end":{"line":22,"column":null}},"7":{"start":{"line":16,"column":3},"end":{"line":16,"column":32}},"8":{"start":{"line":17,"column":3},"end":{"line":17,"column":74}},"9":{"start":{"line":19,"column":3},"end":{"line":21,"column":null}},"10":{"start":{"line":20,"column":4},"end":{"line":20,"column":83}},"11":{"start":{"line":26,"column":2},"end":{"line":26,"column":34}},"12":{"start":{"line":7,"column":13},"end":{"line":28,"column":null}},"13":{"start":{"line":7,"column":13},"end":{"line":7,"column":26}}},"fnMap":{"0":{"name":"(anonymous_11)","decl":{"start":{"line":10,"column":1},"end":{"line":10,"column":14}},"loc":{"start":{"line":10,"column":59},"end":{"line":12,"column":2}}},"1":{"name":"(anonymous_12)","decl":{"start":{"line":14,"column":7},"end":{"line":14,"column":14}},"loc":{"start":{"line":14,"column":14},"end":{"line":23,"column":null}}},"2":{"name":"(anonymous_14)","decl":{"start":{"line":25,"column":7},"end":{"line":25,"column":17}},"loc":{"start":{"line":25,"column":17},"end":{"line":27,"column":null}}}},"branchMap":{"0":{"loc":{"start":{"line":19,"column":3},"end":{"line":21,"column":null}},"type":"if","locations":[{"start":{"line":19,"column":3},"end":{"line":21,"column":null}}]}},"s":{"0":1,"1":1,"2":1,"3":1,"4":1,"5":1,"6":1,"7":1,"8":1,"9":0,"10":0,"11":0,"12":1,"13":1},"f":{"0":1,"1":1,"2":0},"b":{"0":[0]}}
,"C:\\Users\\John Paul L. Gabule\\Desktop\\web-development\\dashboard-api\\src\\errors\\exception.filter.ts": {"path":"C:\\Users\\John Paul L. Gabule\\Desktop\\web-development\\dashboard-api\\src\\errors\\exception.filter.ts","statementMap":{"0":{"start":{"line":3,"column":0},"end":{"line":3,"column":47}},"1":{"start":{"line":6,"column":0},"end":{"line":6,"column":47}},"2":{"start":{"line":7,"column":0},"end":{"line":7,"column":35}},"3":{"start":{"line":8,"column":0},"end":{"line":8,"column":26}},"4":{"start":{"line":10,"column":7},"end":{"line":22,"column":null}},"5":{"start":{"line":11,"column":44},"end":{"line":11,"column":59}},"6":{"start":{"line":14,"column":2},"end":{"line":20,"column":null}},"7":{"start":{"line":15,"column":3},"end":{"line":15,"column":87}},"8":{"start":{"line":16,"column":3},"end":{"line":16,"column":57}},"9":{"start":{"line":18,"column":3},"end":{"line":18,"column":39}},"10":{"start":{"line":19,"column":3},"end":{"line":19,"column":46}},"11":{"start":{"line":10,"column":13},"end":{"line":22,"column":null}},"12":{"start":{"line":10,"column":13},"end":{"line":10,"column":28}}},"fnMap":{"0":{"name":"(anonymous_4)","decl":{"start":{"line":11,"column":1},"end":{"line":11,"column":14}},"loc":{"start":{"line":11,"column":59},"end":{"line":11,"column":63}}},"1":{"name":"(anonymous_5)","decl":{"start":{"line":13,"column":1},"end":{"line":13,"column":6}},"loc":{"start":{"line":13,"column":78},"end":{"line":21,"column":2}}}},"branchMap":{"0":{"loc":{"start":{"line":14,"column":2},"end":{"line":20,"column":null}},"type":"if","locations":[{"start":{"line":14,"column":2},"end":{"line":20,"column":null}},{"start":{"line":17,"column":9},"end":{"line":20,"column":null}}]}},"s":{"0":1,"1":1,"2":1,"3":1,"4":1,"5":1,"6":2,"7":2,"8":2,"9":0,"10":0,"11":1,"12":1},"f":{"0":1,"1":2},"b":{"0":[2,0]}}
,"C:\\Users\\John Paul L. Gabule\\Desktop\\web-development\\dashboard-api\\src\\errors\\http-error.class.ts": {"path":"C:\\Users\\John Paul L. Gabule\\Desktop\\web-development\\dashboard-api\\src\\errors\\http-error.class.ts","statementMap":{"0":{"start":{"line":6,"column":2},"end":{"line":6,"column":17}},"1":{"start":{"line":7,"column":2},"end":{"line":7,"column":31}},"2":{"start":{"line":8,"column":2},"end":{"line":8,"column":25}},"3":{"start":{"line":9,"column":2},"end":{"line":9,"column":25}},"4":{"start":{"line":1,"column":0},"end":{"line":1,"column":13}}},"fnMap":{"0":{"name":"(anonymous_0)","decl":{"start":{"line":5,"column":1},"end":{"line":5,"column":13}},"loc":{"start":{"line":5,"column":66},"end":{"line":10,"column":2}}}},"branchMap":{},"s":{"0":2,"1":2,"2":2,"3":2,"4":1},"f":{"0":2},"b":{}}
,"C:\\Users\\John Paul L. Gabule\\Desktop\\web-development\\dashboard-api\\src\\logger\\logger.service.ts": {"path":"C:\\Users\\John Paul L. Gabule\\Desktop\\web-development\\dashboard-api\\src\\logger\\logger.service.ts","statementMap":{"0":{"start":{"line":1,"column":0},"end":{"line":1,"column":39}},"1":{"start":{"line":2,"column":0},"end":{"line":2,"column":40}},"2":{"start":{"line":4,"column":0},"end":{"line":4,"column":26}},"3":{"start":{"line":6,"column":7},"end":{"line":24,"column":null}},"4":{"start":{"line":10,"column":2},"end":{"line":10,"column":29}},"5":{"start":{"line":14,"column":2},"end":{"line":14,"column":28}},"6":{"start":{"line":18,"column":2},"end":{"line":18,"column":29}},"7":{"start":{"line":22,"column":2},"end":{"line":22,"column":28}},"8":{"start":{"line":6,"column":13},"end":{"line":24,"column":null}},"9":{"start":{"line":6,"column":13},"end":{"line":6,"column":26}}},"fnMap":{"0":{"name":"(anonymous_2)","decl":{"start":{"line":9,"column":1},"end":{"line":9,"column":null}},"loc":{"start":{"line":9,"column":1},"end":{"line":11,"column":2}}},"1":{"name":"(anonymous_3)","decl":{"start":{"line":13,"column":1},"end":{"line":13,"column":4}},"loc":{"start":{"line":13,"column":23},"end":{"line":15,"column":2}}},"2":{"name":"(anonymous_4)","decl":{"start":{"line":17,"column":1},"end":{"line":17,"column":6}},"loc":{"start":{"line":17,"column":25},"end":{"line":19,"column":2}}},"3":{"name":"(anonymous_5)","decl":{"start":{"line":21,"column":1},"end":{"line":21,"column":5}},"loc":{"start":{"line":21,"column":24},"end":{"line":23,"column":2}}}},"branchMap":{},"s":{"0":1,"1":1,"2":1,"3":1,"4":1,"5":3,"6":2,"7":0,"8":1,"9":1},"f":{"0":1,"1":3,"2":2,"3":0},"b":{}}
,"C:\\Users\\John Paul L. Gabule\\Desktop\\web-development\\dashboard-api\\src\\users\\user.entity.ts": {"path":"C:\\Users\\John Paul L. Gabule\\Desktop\\web-development\\dashboard-api\\src\\users\\user.entity.ts","statementMap":{"0":{"start":{"line":1,"column":0},"end":{"line":1,"column":41}},"1":{"start":{"line":6,"column":30},"end":{"line":6,"column":44}},"2":{"start":{"line":6,"column":63},"end":{"line":6,"column":76}},"3":{"start":{"line":7,"column":2},"end":{"line":9,"column":null}},"4":{"start":{"line":8,"column":3},"end":{"line":8,"column":33}},"5":{"start":{"line":13,"column":2},"end":{"line":13,"column":21}},"6":{"start":{"line":17,"column":2},"end":{"line":17,"column":20}},"7":{"start":{"line":21,"column":2},"end":{"line":21,"column":24}},"8":{"start":{"line":25,"column":2},"end":{"line":25,"column":42}},"9":{"start":{"line":29,"column":2},"end":{"line":29,"column":39}},"10":{"start":{"line":3,"column":0},"end":{"line":3,"column":13}}},"fnMap":{"0":{"name":"(anonymous_7)","decl":{"start":{"line":6,"column":1},"end":{"line":6,"column":30}},"loc":{"start":{"line":6,"column":99},"end":{"line":10,"column":2}}},"1":{"name":"(anonymous_8)","decl":{"start":{"line":12,"column":1},"end":{"line":12,"column":5}},"loc":{"start":{"line":12,"column":10},"end":{"line":14,"column":2}}},"2":{"name":"(anonymous_9)","decl":{"start":{"line":16,"column":1},"end":{"line":16,"column":5}},"loc":{"start":{"line":16,"column":9},"end":{"line":18,"column":2}}},"3":{"name":"(anonymous_10)","decl":{"start":{"line":20,"column":1},"end":{"line":20,"column":5}},"loc":{"start":{"line":20,"column":13},"end":{"line":22,"column":2}}},"4":{"name":"(anonymous_11)","decl":{"start":{"line":24,"column":14},"end":{"line":24,"column":25}},"loc":{"start":{"line":24,"column":52},"end":{"line":26,"column":null}}},"5":{"name":"(anonymous_13)","decl":{"start":{"line":28,"column":14},"end":{"line":28,"column":29}},"loc":{"start":{"line":28,"column":42},"end":{"line":30,"column":null}}}},"branchMap":{"0":{"loc":{"start":{"line":7,"column":2},"end":{"line":9,"column":null}},"type":"if","locations":[{"start":{"line":7,"column":2},"end":{"line":9,"column":null}}]}},"s":{"0":1,"1":4,"2":4,"3":4,"4":3,"5":0,"6":0,"7":0,"8":1,"9":3,"10":1},"f":{"0":4,"1":0,"2":0,"3":0,"4":1,"5":3},"b":{"0":[3]}}
,"C:\\Users\\John Paul L. Gabule\\Desktop\\web-development\\dashboard-api\\src\\users\\user.repository.ts": {"path":"C:\\Users\\John Paul L. Gabule\\Desktop\\web-development\\dashboard-api\\src\\users\\user.repository.ts","statementMap":{"0":{"start":{"line":1,"column":0},"end":{"line":1,"column":39}},"1":{"start":{"line":3,"column":0},"end":{"line":3,"column":61}},"2":{"start":{"line":4,"column":0},"end":{"line":4,"column":33}},"3":{"start":{"line":6,"column":0},"end":{"line":6,"column":35}},"4":{"start":{"line":10,"column":7},"end":{"line":22,"column":null}},"5":{"start":{"line":11,"column":50},"end":{"line":11,"column":65}},"6":{"start":{"line":14,"column":2},"end":{"line":16,"column":5}},"7":{"start":{"line":20,"column":2},"end":{"line":20,"column":77}},"8":{"start":{"line":10,"column":13},"end":{"line":22,"column":null}},"9":{"start":{"line":10,"column":13},"end":{"line":10,"column":28}}},"fnMap":{"0":{"name":"(anonymous_11)","decl":{"start":{"line":11,"column":1},"end":{"line":11,"column":14}},"loc":{"start":{"line":11,"column":78},"end":{"line":11,"column":82}}},"1":{"name":"(anonymous_12)","decl":{"start":{"line":13,"column":7},"end":{"line":13,"column":13}},"loc":{"start":{"line":13,"column":45},"end":{"line":17,"column":null}}},"2":{"name":"(anonymous_14)","decl":{"start":{"line":19,"column":7},"end":{"line":19,"column":11}},"loc":{"start":{"line":19,"column":25},"end":{"line":21,"column":null}}}},"branchMap":{},"s":{"0":1,"1":1,"2":1,"3":1,"4":1,"5":1,"6":0,"7":4,"8":1,"9":1},"f":{"0":1,"1":0,"2":4},"b":{}}
,"C:\\Users\\John Paul L. Gabule\\Desktop\\web-development\\dashboard-api\\src\\users\\users.controller.ts": {"path":"C:\\Users\\John Paul L. Gabule\\Desktop\\web-development\\dashboard-api\\src\\users\\users.controller.ts","statementMap":{"0":{"start":{"line":1,"column":0},"end":{"line":1,"column":51}},"1":{"start":{"line":2,"column":0},"end":{"line":2,"column":46}},"2":{"start":{"line":6,"column":0},"end":{"line":6,"column":47}},"3":{"start":{"line":7,"column":0},"end":{"line":7,"column":59}},"4":{"start":{"line":8,"column":0},"end":{"line":8,"column":55}},"5":{"start":{"line":9,"column":0},"end":{"line":9,"column":35}},"6":{"start":{"line":10,"column":0},"end":{"line":10,"column":26}},"7":{"start":{"line":11,"column":0},"end":{"line":11,"column":52}},"8":{"start":{"line":12,"column":0},"end":{"line":12,"column":58}},"9":{"start":{"line":13,"column":0},"end":{"line":13,"column":67}},"10":{"start":{"line":14,"column":0},"end":{"line":14,"column":36}},"11":{"start":{"line":15,"column":0},"end":{"line":15,"column":57}},"12":{"start":{"line":18,"column":7},"end":{"line":87,"column":null}},"13":{"start":{"line":24,"column":2},"end":{"line":24,"column":23}},"14":{"start":{"line":20,"column":33},"end":{"line":20,"column":55}},"15":{"start":{"line":21,"column":37},"end":{"line":21,"column":50}},"16":{"start":{"line":22,"column":39},"end":{"line":22,"column":54}},"17":{"start":{"line":25,"column":2},"end":{"line":32,"column":5}},"18":{"start":{"line":36,"column":2},"end":{"line":36,"column":36}},"19":{"start":{"line":40,"column":2},"end":{"line":40,"column":37}},"20":{"start":{"line":44,"column":2},"end":{"line":44,"column":35}},"21":{"start":{"line":48,"column":17},"end":{"line":48,"column":62}},"22":{"start":{"line":49,"column":2},"end":{"line":51,"column":null}},"23":{"start":{"line":50,"column":3},"end":{"line":50,"column":80}},"24":{"start":{"line":52,"column":14},"end":{"line":52,"column":82}},"25":{"start":{"line":53,"column":2},"end":{"line":53,"column":24}},"26":{"start":{"line":57,"column":17},"end":{"line":57,"column":56}},"27":{"start":{"line":58,"column":2},"end":{"line":60,"column":null}},"28":{"start":{"line":59,"column":3},"end":{"line":59,"column":60}},"29":{"start":{"line":61,"column":2},"end":{"line":61,"column":55}},"30":{"start":{"line":65,"column":19},"end":{"line":65,"column":59}},"31":{"start":{"line":66,"column":2},"end":{"line":66,"column":61}},"32":{"start":{"line":70,"column":2},"end":{"line":70,"column":34}},"33":{"start":{"line":74,"column":2},"end":{"line":74,"column":33}},"34":{"start":{"line":78,"column":2},"end":{"line":85,"column":5}},"35":{"start":{"line":79,"column":3},"end":{"line":84,"column":6}},"36":{"start":{"line":80,"column":4},"end":{"line":82,"column":null}},"37":{"start":{"line":81,"column":5},"end":{"line":81,"column":17}},"38":{"start":{"line":83,"column":4},"end":{"line":83,"column":29}},"39":{"start":{"line":18,"column":13},"end":{"line":87,"column":null}},"40":{"start":{"line":18,"column":13},"end":{"line":18,"column":27}}},"fnMap":{"0":{"name":"(anonymous_11)","decl":{"start":{"line":19,"column":1},"end":{"line":19,"column":null}},"loc":{"start":{"line":22,"column":67},"end":{"line":33,"column":2}}},"1":{"name":"(anonymous_12)","decl":{"start":{"line":35,"column":1},"end":{"line":35,"column":12}},"loc":{"start":{"line":35,"column":60},"end":{"line":37,"column":2}}},"2":{"name":"(anonymous_13)","decl":{"start":{"line":39,"column":1},"end":{"line":39,"column":13}},"loc":{"start":{"line":39,"column":61},"end":{"line":41,"column":2}}},"3":{"name":"(anonymous_14)","decl":{"start":{"line":43,"column":1},"end":{"line":43,"column":11}},"loc":{"start":{"line":43,"column":59},"end":{"line":45,"column":2}}},"4":{"name":"(anonymous_15)","decl":{"start":{"line":47,"column":7},"end":{"line":47,"column":12}},"loc":{"start":{"line":47,"column":82},"end":{"line":54,"column":null}}},"5":{"name":"(anonymous_17)","decl":{"start":{"line":56,"column":7},"end":{"line":56,"column":15}},"loc":{"start":{"line":56,"column":93},"end":{"line":62,"column":null}}},"6":{"name":"(anonymous_19)","decl":{"start":{"line":64,"column":7},"end":{"line":64,"column":11}},"loc":{"start":{"line":64,"column":64},"end":{"line":67,"column":null}}},"7":{"name":"(anonymous_21)","decl":{"start":{"line":69,"column":1},"end":{"line":69,"column":15}},"loc":{"start":{"line":69,"column":63},"end":{"line":71,"column":2}}},"8":{"name":"(anonymous_22)","decl":{"start":{"line":73,"column":1},"end":{"line":73,"column":14}},"loc":{"start":{"line":73,"column":62},"end":{"line":75,"column":2}}},"9":{"name":"(anonymous_23)","decl":{"start":{"line":77,"column":9},"end":{"line":77,"column":16}},"loc":{"start":{"line":77,"column":46},"end":{"line":86,"column":2}}},"10":{"name":"(anonymous_24)","decl":{"start":{"line":78,"column":29},"end":{"line":78,"column":30}},"loc":{"start":{"line":78,"column":49},"end":{"line":85,"column":3}}},"11":{"name":"(anonymous_25)","decl":{"start":{"line":79,"column":87},"end":{"line":79,"column":88}},"loc":{"start":{"line":79,"column":102},"end":{"line":84,"column":4}}}},"branchMap":{"0":{"loc":{"start":{"line":49,"column":2},"end":{"line":51,"column":null}},"type":"if","locations":[{"start":{"line":49,"column":2},"end":{"line":51,"column":null}}]},"1":{"loc":{"start":{"line":58,"column":2},"end":{"line":60,"column":null}},"type":"if","locations":[{"start":{"line":58,"column":2},"end":{"line":60,"column":null}}]},"2":{"loc":{"start":{"line":66,"column":24},"end":{"line":66,"column":39}},"type":"cond-expr","locations":[{"start":{"line":66,"column":32},"end":{"line":66,"column":34}},{"start":{"line":66,"column":24},"end":{"line":66,"column":39}}]},"3":{"loc":{"start":{"line":66,"column":24},"end":{"line":66,"column":34}},"type":"binary-expr","locations":[{"start":{"line":66,"column":24},"end":{"line":66,"column":34}},{"start":{"line":66,"column":24},"end":{"line":66,"column":34}}]},"4":{"loc":{"start":{"line":66,"column":45},"end":{"line":66,"column":57}},"type":"cond-expr","locations":[{"start":{"line":66,"column":53},"end":{"line":66,"column":55}},{"start":{"line":66,"column":45},"end":{"line":66,"column":57}}]},"5":{"loc":{"start":{"line":66,"column":45},"end":{"line":66,"column":55}},"type":"binary-expr","locations":[{"start":{"line":66,"column":45},"end":{"line":66,"column":55}},{"start":{"line":66,"column":45},"end":{"line":66,"column":55}}]},"6":{"loc":{"start":{"line":80,"column":4},"end":{"line":82,"column":null}},"type":"if","locations":[{"start":{"line":80,"column":4},"end":{"line":82,"column":null}}]}},"s":{"0":1,"1":1,"2":1,"3":1,"4":1,"5":1,"6":1,"7":1,"8":1,"9":1,"10":1,"11":1,"12":1,"13":1,"14":1,"15":1,"16":1,"17":1,"18":0,"19":0,"20":0,"21":3,"22":3,"23":1,"24":2,"25":2,"26":1,"27":1,"28":1,"29":0,"30":0,"31":0,"32":0,"33":0,"34":2,"35":2,"36":2,"37":0,"38":2,"39":1,"40":1},"f":{"0":1,"1":0,"2":0,"3":0,"4":3,"5":1,"6":0,"7":0,"8":0,"9":2,"10":2,"11":2},"b":{"0":[1],"1":[1],"2":[0,0],"3":[0,0],"4":[0,0],"5":[0,0],"6":[0]}}
,"C:\\Users\\John Paul L. Gabule\\Desktop\\web-development\\dashboard-api\\src\\users\\users.service.ts": {"path":"C:\\Users\\John Paul L. Gabule\\Desktop\\web-development\\dashboard-api\\src\\users\\users.service.ts","statementMap":{"0":{"start":{"line":3,"column":0},"end":{"line":3,"column":47}},"1":{"start":{"line":4,"column":0},"end":{"line":4,"column":33}},"2":{"start":{"line":7,"column":0},"end":{"line":7,"column":37}},"3":{"start":{"line":12,"column":7},"end":{"line":42,"column":null}},"4":{"start":{"line":14,"column":39},"end":{"line":14,"column":68}},"5":{"start":{"line":15,"column":41},"end":{"line":15,"column":74}},"6":{"start":{"line":19,"column":18},"end":{"line":19,"column":39}},"7":{"start":{"line":20,"column":15},"end":{"line":20,"column":45}},"8":{"start":{"line":21,"column":2},"end":{"line":21,"column":52}},"9":{"start":{"line":23,"column":23},"end":{"line":23,"column":61}},"10":{"start":{"line":25,"column":2},"end":{"line":27,"column":null}},"11":{"start":{"line":26,"column":3},"end":{"line":26,"column":15}},"12":{"start":{"line":29,"column":2},"end":{"line":29,"column":46}},"13":{"start":{"line":33,"column":23},"end":{"line":33,"column":61}},"14":{"start":{"line":34,"column":2},"end":{"line":34,"column":34}},"15":{"start":{"line":34,"column":21},"end":{"line":34,"column":34}},"16":{"start":{"line":35,"column":18},"end":{"line":35,"column":88}},"17":{"start":{"line":36,"column":2},"end":{"line":36,"column":43}},"18":{"start":{"line":40,"column":2},"end":{"line":40,"column":42}},"19":{"start":{"line":12,"column":13},"end":{"line":42,"column":null}},"20":{"start":{"line":12,"column":13},"end":{"line":12,"column":24}}},"fnMap":{"0":{"name":"(anonymous_11)","decl":{"start":{"line":13,"column":1},"end":{"line":13,"column":null}},"loc":{"start":{"line":15,"column":74},"end":{"line":16,"column":5}}},"1":{"name":"(anonymous_12)","decl":{"start":{"line":18,"column":7},"end":{"line":18,"column":17}},"loc":{"start":{"line":18,"column":60},"end":{"line":30,"column":null}}},"2":{"name":"(anonymous_14)","decl":{"start":{"line":32,"column":7},"end":{"line":32,"column":19}},"loc":{"start":{"line":32,"column":53},"end":{"line":37,"column":null}}},"3":{"name":"(anonymous_16)","decl":{"start":{"line":39,"column":7},"end":{"line":39,"column":18}},"loc":{"start":{"line":39,"column":32},"end":{"line":41,"column":null}}}},"branchMap":{"0":{"loc":{"start":{"line":25,"column":2},"end":{"line":27,"column":null}},"type":"if","locations":[{"start":{"line":25,"column":2},"end":{"line":27,"column":null}}]},"1":{"loc":{"start":{"line":34,"column":2},"end":{"line":34,"column":34}},"type":"if","locations":[{"start":{"line":34,"column":2},"end":{"line":34,"column":34}}]}},"s":{"0":1,"1":1,"2":1,"3":1,"4":1,"5":1,"6":1,"7":1,"8":1,"9":1,"10":1,"11":1,"12":0,"13":3,"14":3,"15":0,"16":3,"17":3,"18":0,"19":1,"20":1},"f":{"0":1,"1":1,"2":3,"3":0},"b":{"0":[1],"1":[0]}}
,"C:\\Users\\John Paul L. Gabule\\Desktop\\web-development\\dashboard-api\\src\\users\\dto\\user-login.dto.ts": {"path":"C:\\Users\\John Paul L. Gabule\\Desktop\\web-development\\dashboard-api\\src\\users\\dto\\user-login.dto.ts","statementMap":{"0":{"start":{"line":1,"column":0},"end":{"line":1,"column":52}},"1":{"start":{"line":4,"column":1},"end":{"line":5,"column":null}},"2":{"start":{"line":7,"column":1},"end":{"line":8,"column":null}},"3":{"start":{"line":3,"column":0},"end":{"line":3,"column":13}}},"fnMap":{},"branchMap":{},"s":{"0":1,"1":1,"2":1,"3":1},"f":{},"b":{}}
,"C:\\Users\\John Paul L. Gabule\\Desktop\\web-development\\dashboard-api\\src\\users\\dto\\user-register.dto.ts": {"path":"C:\\Users\\John Paul L. Gabule\\Desktop\\web-development\\dashboard-api\\src\\users\\dto\\user-register.dto.ts","statementMap":{"0":{"start":{"line":1,"column":0},"end":{"line":1,"column":52}},"1":{"start":{"line":4,"column":1},"end":{"line":5,"column":null}},"2":{"start":{"line":7,"column":1},"end":{"line":8,"column":null}},"3":{"start":{"line":10,"column":1},"end":{"line":11,"column":null}},"4":{"start":{"line":3,"column":0},"end":{"line":3,"column":13}}},"fnMap":{},"branchMap":{},"s":{"0":1,"1":1,"2":1,"3":1,"4":1},"f":{},"b":{}}
}
